<?xml version="1.0" encoding="UTF-8"?>
<!-- Generated by org.testng.reporters.JUnitReportReporter -->
<testsuite hostname="Saurabh" failures="0" tests="1" name="testCases.TC001_AccountRegistration" time="3.075" errors="0" timestamp="2025-09-11T17:19:43 IST" skipped="0">
  <testcase classname="testCases.TC001_AccountRegistration" name="testcase_AccountRegistration" time="3.075"/>
</testsuite> <!-- testCases.TC001_AccountRegistration -->
