<?xml version="1.0" encoding="UTF-8"?>
<!-- Generated by org.testng.reporters.JUnitReportReporter -->
<testsuite hostname="Saurabh" failures="0" tests="4" name="testCases.TC003_LoginDataDrivenTest" time="47.374" errors="0" timestamp="2025-09-09T15:02:28 IST" skipped="0">
  <testcase classname="testCases.TC003_LoginDataDrivenTest" name="testcase_LoginDDT" time="5.627"/>
  <testcase classname="testCases.TC003_LoginDataDrivenTest" name="testcase_LoginDDT" time="13.918"/>
  <testcase classname="testCases.TC003_LoginDataDrivenTest" name="testcase_LoginDDT" time="13.756"/>
  <testcase classname="testCases.TC003_LoginDataDrivenTest" name="testcase_LoginDDT" time="14.073"/>
</testsuite> <!-- testCases.TC003_LoginDataDrivenTest -->
