<?xml version="1.0" encoding="UTF-8"?>
<!-- Generated by org.testng.reporters.JUnitReportReporter -->
<testsuite hostname="Saurabh" failures="0" tests="1" name="testCases.TC002_AccountLogin" time="2.608" errors="0" timestamp="2025-09-16T18:06:09 IST" skipped="0">
  <testcase classname="testCases.TC002_AccountLogin" name="testcase_AccountLogin" time="2.608"/>
</testsuite> <!-- testCases.TC002_AccountLogin -->
